<?xml version="1.0" encoding="UTF-8"?>
<coverage generated="1550266975003" clover="3.2.0">
  <project timestamp="1550266975003" name="All files">
    <metrics statements="25" coveredstatements="21" conditionals="17" coveredconditionals="10" methods="12" coveredmethods="11" elements="54" coveredelements="42" complexity="0" loc="25" ncloc="25" packages="1" files="2" classes="2"/>
    <file name="string.js" path="C:\Users\Kenneth\Desktop\Ian\Work\Prismo\string.js-Testing\string.js">
      <metrics statements="20" coveredstatements="17" conditionals="13" coveredconditionals="7" methods="8" coveredmethods="8"/>
      <line num="2" count="4" type="stmt"/>
      <line num="3" count="4" type="stmt"/>
      <line num="6" count="21" type="stmt"/>
      <line num="10" count="4" type="stmt"/>
      <line num="11" count="1" type="cond" truecount="1" falsecount="1"/>
      <line num="12" count="0" type="stmt"/>
      <line num="13" count="1" type="cond" truecount="1" falsecount="1"/>
      <line num="14" count="0" type="stmt"/>
      <line num="16" count="1" type="stmt"/>
      <line num="20" count="4" type="cond" truecount="1" falsecount="1"/>
      <line num="24" count="4" type="stmt"/>
      <line num="25" count="1" type="cond" truecount="2" falsecount="0"/>
      <line num="26" count="1" type="cond" truecount="2" falsecount="3"/>
      <line num="27" count="0" type="stmt"/>
      <line num="29" count="1" type="stmt"/>
      <line num="34" count="4" type="stmt"/>
      <line num="35" count="21" type="stmt"/>
      <line num="36" count="1" type="stmt"/>
      <line num="37" count="1" type="stmt"/>
      <line num="38" count="1" type="stmt"/>
    </file>
    <file name="var.js" path="C:\Users\Kenneth\Desktop\Ian\Work\Prismo\string.js-Testing\var.js">
      <metrics statements="5" coveredstatements="4" conditionals="4" coveredconditionals="3" methods="4" coveredmethods="3"/>
      <line num="7" count="4" type="cond" truecount="2" falsecount="0"/>
      <line num="10" count="4" type="cond" truecount="1" falsecount="1"/>
      <line num="12" count="4" type="stmt"/>
      <line num="13" count="0" type="stmt"/>
      <line num="14" count="1" type="stmt"/>
    </file>
  </project>
</coverage>
