{"C:\\Users\\Kenneth\\Desktop\\Ian\\Work\\Prismo\\string.js-Testing\\string.js": {"path":"C:\\Users\\Kenneth\\Desktop\\Ian\\Work\\Prismo\\string.js-Testing\\string.js","statementMap":{"0":{"start":{"line":2,"column":17},"end":{"line":2,"column":33}},"1":{"start":{"line":3,"column":16},"end":{"line":3,"column":32}},"2":{"start":{"line":6,"column":29},"end":{"line":6,"column":71}},"3":{"start":{"line":6,"column":36},"end":{"line":6,"column":71}},"4":{"start":{"line":10,"column":27},"end":{"line":18,"column":1}},"5":{"start":{"line":11,"column":2},"end":{"line":17,"column":3}},"6":{"start":{"line":12,"column":4},"end":{"line":12,"column":14}},"7":{"start":{"line":13,"column":9},"end":{"line":17,"column":3}},"8":{"start":{"line":14,"column":4},"end":{"line":14,"column":13}},"9":{"start":{"line":16,"column":4},"end":{"line":16,"column":13}},"10":{"start":{"line":20,"column":27},"end":{"line":20,"column":76}},"11":{"start":{"line":20,"column":34},"end":{"line":20,"column":76}},"12":{"start":{"line":24,"column":27},"end":{"line":31,"column":1}},"13":{"start":{"line":25,"column":2},"end":{"line":25,"column":18}},"14":{"start":{"line":26,"column":2},"end":{"line":30,"column":3}},"15":{"start":{"line":27,"column":4},"end":{"line":27,"column":46}},"16":{"start":{"line":29,"column":4},"end":{"line":29,"column":15}},"17":{"start":{"line":34,"column":0},"end":{"line":39,"column":1}},"18":{"start":{"line":35,"column":27},"end":{"line":35,"column":47}},"19":{"start":{"line":36,"column":26},"end":{"line":36,"column":46}},"20":{"start":{"line":37,"column":25},"end":{"line":37,"column":43}},"21":{"start":{"line":38,"column":27},"end":{"line":38,"column":47}}},"fnMap":{"0":{"name":"(anonymous_0)","decl":{"start":{"line":6,"column":29},"end":{"line":6,"column":30}},"loc":{"start":{"line":6,"column":36},"end":{"line":6,"column":71}},"line":6},"1":{"name":"(anonymous_1)","decl":{"start":{"line":10,"column":27},"end":{"line":10,"column":28}},"loc":{"start":{"line":10,"column":37},"end":{"line":18,"column":1}},"line":10},"2":{"name":"(anonymous_2)","decl":{"start":{"line":20,"column":27},"end":{"line":20,"column":28}},"loc":{"start":{"line":20,"column":34},"end":{"line":20,"column":76}},"line":20},"3":{"name":"(anonymous_3)","decl":{"start":{"line":24,"column":27},"end":{"line":24,"column":28}},"loc":{"start":{"line":24,"column":47},"end":{"line":31,"column":1}},"line":24},"4":{"name":"(anonymous_4)","decl":{"start":{"line":35,"column":13},"end":{"line":35,"column":14}},"loc":{"start":{"line":35,"column":25},"end":{"line":35,"column":49}},"line":35},"5":{"name":"(anonymous_5)","decl":{"start":{"line":36,"column":11},"end":{"line":36,"column":12}},"loc":{"start":{"line":36,"column":25},"end":{"line":36,"column":48}},"line":36},"6":{"name":"(anonymous_6)","decl":{"start":{"line":37,"column":11},"end":{"line":37,"column":12}},"loc":{"start":{"line":37,"column":23},"end":{"line":37,"column":45}},"line":37},"7":{"name":"(anonymous_7)","decl":{"start":{"line":38,"column":11},"end":{"line":38,"column":12}},"loc":{"start":{"line":38,"column":25},"end":{"line":38,"column":49}},"line":38}},"branchMap":{"0":{"loc":{"start":{"line":11,"column":2},"end":{"line":17,"column":3}},"type":"if","locations":[{"start":{"line":11,"column":2},"end":{"line":17,"column":3}},{"start":{"line":11,"column":2},"end":{"line":17,"column":3}}],"line":11},"1":{"loc":{"start":{"line":13,"column":9},"end":{"line":17,"column":3}},"type":"if","locations":[{"start":{"line":13,"column":9},"end":{"line":17,"column":3}},{"start":{"line":13,"column":9},"end":{"line":17,"column":3}}],"line":13},"2":{"loc":{"start":{"line":20,"column":34},"end":{"line":20,"column":76}},"type":"binary-expr","locations":[{"start":{"line":20,"column":34},"end":{"line":20,"column":46}},{"start":{"line":20,"column":50},"end":{"line":20,"column":76}}],"line":20},"3":{"loc":{"start":{"line":25,"column":8},"end":{"line":25,"column":17}},"type":"binary-expr","locations":[{"start":{"line":25,"column":8},"end":{"line":25,"column":11}},{"start":{"line":25,"column":15},"end":{"line":25,"column":17}}],"line":25},"4":{"loc":{"start":{"line":26,"column":2},"end":{"line":30,"column":3}},"type":"if","locations":[{"start":{"line":26,"column":2},"end":{"line":30,"column":3}},{"start":{"line":26,"column":2},"end":{"line":30,"column":3}}],"line":26},"5":{"loc":{"start":{"line":26,"column":6},"end":{"line":26,"column":64}},"type":"binary-expr","locations":[{"start":{"line":26,"column":6},"end":{"line":26,"column":15}},{"start":{"line":26,"column":19},"end":{"line":26,"column":36}},{"start":{"line":26,"column":41},"end":{"line":26,"column":63}}],"line":26}},"s":{"0":4,"1":4,"2":4,"3":21,"4":4,"5":106,"6":21,"7":85,"8":18,"9":67,"10":4,"11":15,"12":4,"13":81,"14":81,"15":14,"16":67,"17":4,"18":21,"19":106,"20":15,"21":81},"f":{"0":21,"1":106,"2":15,"3":81,"4":21,"5":106,"6":15,"7":81},"b":{"0":[21,85],"1":[18,67],"2":[15,11],"3":[81,32],"4":[14,67],"5":[81,52,52]},"_coverageSchema":"43e27e138ebf9cfc5966b082cf9a028302ed4184","hash":"9aedcf67cc0280ff6e9ac47777ef1107edb241d3"}
,"C:\\Users\\Kenneth\\Desktop\\Ian\\Work\\Prismo\\string.js-Testing\\var.js": {"path":"C:\\Users\\Kenneth\\Desktop\\Ian\\Work\\Prismo\\string.js-Testing\\var.js","statementMap":{"0":{"start":{"line":7,"column":32},"end":{"line":7,"column":70}},"1":{"start":{"line":7,"column":37},"end":{"line":7,"column":70}},"2":{"start":{"line":10,"column":27},"end":{"line":10,"column":61}},"3":{"start":{"line":10,"column":32},"end":{"line":10,"column":61}},"4":{"start":{"line":12,"column":0},"end":{"line":15,"column":1}},"5":{"start":{"line":13,"column":29},"end":{"line":13,"column":52}},"6":{"start":{"line":14,"column":23},"end":{"line":14,"column":41}}},"fnMap":{"0":{"name":"(anonymous_0)","decl":{"start":{"line":7,"column":32},"end":{"line":7,"column":33}},"loc":{"start":{"line":7,"column":37},"end":{"line":7,"column":70}},"line":7},"1":{"name":"(anonymous_1)","decl":{"start":{"line":10,"column":27},"end":{"line":10,"column":28}},"loc":{"start":{"line":10,"column":32},"end":{"line":10,"column":61}},"line":10},"2":{"name":"(anonymous_2)","decl":{"start":{"line":13,"column":15},"end":{"line":13,"column":16}},"loc":{"start":{"line":13,"column":27},"end":{"line":13,"column":54}},"line":13},"3":{"name":"(anonymous_3)","decl":{"start":{"line":14,"column":10},"end":{"line":14,"column":11}},"loc":{"start":{"line":14,"column":22},"end":{"line":14,"column":43}},"line":14}},"branchMap":{"0":{"loc":{"start":{"line":7,"column":37},"end":{"line":7,"column":70}},"type":"binary-expr","locations":[{"start":{"line":7,"column":38},"end":{"line":7,"column":48}},{"start":{"line":7,"column":54},"end":{"line":7,"column":69}}],"line":7},"1":{"loc":{"start":{"line":10,"column":32},"end":{"line":10,"column":61}},"type":"binary-expr","locations":[{"start":{"line":10,"column":32},"end":{"line":10,"column":47}},{"start":{"line":10,"column":52},"end":{"line":10,"column":60}}],"line":10}},"s":{"0":4,"1":15,"2":4,"3":15,"4":4,"5":0,"6":15},"f":{"0":15,"1":15,"2":0,"3":15},"b":{"0":[15,14],"1":[15,12]},"_coverageSchema":"43e27e138ebf9cfc5966b082cf9a028302ed4184","hash":"5bb2c85da1a075c774eac8879041a27ffcc5d3ac"}
}
