TN:
SF:C:\Users\Kenneth\Desktop\Ian\Work\Prismo\string.js-Testing\string.js
FN:6,(anonymous_0)
FN:10,(anonymous_1)
FN:20,(anonymous_2)
FN:24,(anonymous_3)
FN:35,(anonymous_4)
FN:36,(anonymous_5)
FN:37,(anonymous_6)
FN:38,(anonymous_7)
FNF:8
FNH:8
FNDA:21,(anonymous_0)
FNDA:106,(anonymous_1)
FNDA:15,(anonymous_2)
FNDA:81,(anonymous_3)
FNDA:21,(anonymous_4)
FNDA:106,(anonymous_5)
FNDA:15,(anonymous_6)
FNDA:81,(anonymous_7)
DA:2,4
DA:3,4
DA:6,21
DA:10,4
DA:11,106
DA:12,21
DA:13,85
DA:14,18
DA:16,67
DA:20,15
DA:24,4
DA:25,81
DA:26,81
DA:27,14
DA:29,67
DA:34,4
DA:35,21
DA:36,106
DA:37,15
DA:38,81
LF:20
LH:20
BRDA:11,0,0,21
BRDA:11,0,1,85
BRDA:13,1,0,18
BRDA:13,1,1,67
BRDA:20,2,0,15
BRDA:20,2,1,11
BRDA:25,3,0,81
BRDA:25,3,1,32
BRDA:26,4,0,14
BRDA:26,4,1,67
BRDA:26,5,0,81
BRDA:26,5,1,52
BRDA:26,5,2,52
BRF:13
BRH:13
end_of_record
TN:
SF:C:\Users\Kenneth\Desktop\Ian\Work\Prismo\string.js-Testing\var.js
FN:7,(anonymous_0)
FN:10,(anonymous_1)
FN:13,(anonymous_2)
FN:14,(anonymous_3)
FNF:4
FNH:3
FNDA:15,(anonymous_0)
FNDA:15,(anonymous_1)
FNDA:0,(anonymous_2)
FNDA:15,(anonymous_3)
DA:7,15
DA:10,15
DA:12,4
DA:13,0
DA:14,15
LF:5
LH:4
BRDA:7,0,0,15
BRDA:7,0,1,14
BRDA:10,1,0,15
BRDA:10,1,1,12
BRF:4
BRH:4
end_of_record
