TN:
SF:C:\Users\Kenneth\Desktop\Ian\Work\Prismo\string.js-Testing\string.js
FN:6,(anonymous_0)
FN:10,(anonymous_1)
FN:20,(anonymous_2)
FN:24,(anonymous_3)
FN:35,(anonymous_4)
FN:36,(anonymous_5)
FN:37,(anonymous_6)
FN:38,(anonymous_7)
FNF:8
FNH:8
FNDA:21,(anonymous_0)
FNDA:1,(anonymous_1)
FNDA:1,(anonymous_2)
FNDA:1,(anonymous_3)
FNDA:21,(anonymous_4)
FNDA:1,(anonymous_5)
FNDA:1,(anonymous_6)
FNDA:1,(anonymous_7)
DA:2,4
DA:3,4
DA:6,21
DA:10,4
DA:11,1
DA:12,0
DA:13,1
DA:14,0
DA:16,1
DA:20,4
DA:24,4
DA:25,1
DA:26,1
DA:27,0
DA:29,1
DA:34,4
DA:35,21
DA:36,1
DA:37,1
DA:38,1
LF:20
LH:17
BRDA:11,0,0,0
BRDA:11,0,1,1
BRDA:13,1,0,0
BRDA:13,1,1,1
BRDA:20,2,0,1
BRDA:20,2,1,0
BRDA:25,3,0,1
BRDA:25,3,1,1
BRDA:26,4,0,0
BRDA:26,4,1,1
BRDA:26,5,0,1
BRDA:26,5,1,0
BRDA:26,5,2,0
BRF:13
BRH:7
end_of_record
TN:
SF:C:\Users\Kenneth\Desktop\Ian\Work\Prismo\string.js-Testing\var.js
FN:7,(anonymous_0)
FN:10,(anonymous_1)
FN:13,(anonymous_2)
FN:14,(anonymous_3)
FNF:4
FNH:3
FNDA:1,(anonymous_0)
FNDA:1,(anonymous_1)
FNDA:0,(anonymous_2)
FNDA:1,(anonymous_3)
DA:7,4
DA:10,4
DA:12,4
DA:13,0
DA:14,1
LF:5
LH:4
BRDA:7,0,0,1
BRDA:7,0,1,1
BRDA:10,1,0,1
BRDA:10,1,1,0
BRF:4
BRH:3
end_of_record
